[debug] [2026-05-14T05:34:39.779Z] ----------------------------------------------------------------------
[debug] [2026-05-14T05:34:39.781Z] Command:       C:\Program Files\nodejs\node.exe C:\Users\aryan\AppData\Roaming\npm\node_modules\firebase-tools\lib\bin\firebase.js deploy --only functions
[debug] [2026-05-14T05:34:39.781Z] CLI Version:   15.11.0
[debug] [2026-05-14T05:34:39.781Z] Platform:      win32
[debug] [2026-05-14T05:34:39.781Z] Node Version:  v25.5.0
[debug] [2026-05-14T05:34:39.781Z] Time:          Thu May 14 2026 11:04:39 GMT+0530 (India Standard Time)
[debug] [2026-05-14T05:34:39.781Z] ----------------------------------------------------------------------
[debug] 
[debug] [2026-05-14T05:34:39.782Z] >>> [apiv2][query] GET https://firebase-public.firebaseio.com/cli.json [none]
[debug] [2026-05-14T05:34:43.379Z] > command requires scopes: ["email","openid","https://www.googleapis.com/auth/cloudplatformprojects.readonly","https://www.googleapis.com/auth/firebase","https://www.googleapis.com/auth/cloud-platform"]
[debug] [2026-05-14T05:34:43.379Z] > authorizing via signed-in user (www.aryanpatel3772@gmail.com)
[debug] [2026-05-14T05:34:43.379Z] [iam] checking project pdf-merge-a77ae for permissions ["cloudfunctions.functions.create","cloudfunctions.functions.delete","cloudfunctions.functions.get","cloudfunctions.functions.list","cloudfunctions.functions.update","cloudfunctions.operations.get","firebase.projects.get"]
[debug] [2026-05-14T05:34:43.379Z] Checked if tokens are valid: false, expires at: 1776163768716
[debug] [2026-05-14T05:34:43.380Z] Checked if tokens are valid: false, expires at: 1776163768716
[debug] [2026-05-14T05:34:43.380Z] > refreshing access token with scopes: []
[debug] [2026-05-14T05:34:43.380Z] >>> [apiv2][query] POST https://www.googleapis.com/oauth2/v3/token [none]
[debug] [2026-05-14T05:34:43.380Z] >>> [apiv2][body] POST https://www.googleapis.com/oauth2/v3/token [omitted]
[debug] [2026-05-14T05:34:43.649Z] <<< [apiv2][status] POST https://www.googleapis.com/oauth2/v3/token 200
[debug] [2026-05-14T05:34:43.650Z] <<< [apiv2][body] POST https://www.googleapis.com/oauth2/v3/token [omitted]
[debug] [2026-05-14T05:34:43.654Z] >>> [apiv2][query] POST https://cloudresourcemanager.googleapis.com/v1/projects/pdf-merge-a77ae:testIamPermissions [none]
[debug] [2026-05-14T05:34:43.654Z] >>> [apiv2][(partial)header] POST https://cloudresourcemanager.googleapis.com/v1/projects/pdf-merge-a77ae:testIamPermissions  x-goog-user-project=pdf-merge-a77ae
[debug] [2026-05-14T05:34:43.654Z] >>> [apiv2][body] POST https://cloudresourcemanager.googleapis.com/v1/projects/pdf-merge-a77ae:testIamPermissions {"permissions":["cloudfunctions.functions.create","cloudfunctions.functions.delete","cloudfunctions.functions.get","cloudfunctions.functions.list","cloudfunctions.functions.update","cloudfunctions.operations.get","firebase.projects.get"]}
[debug] [2026-05-14T05:34:44.054Z] <<< [apiv2][status] GET https://firebase-public.firebaseio.com/cli.json 200
[debug] [2026-05-14T05:34:44.054Z] <<< [apiv2][body] GET https://firebase-public.firebaseio.com/cli.json {"cloudBuildErrorAfter":1594252800000,"cloudBuildWarnAfter":1590019200000,"defaultNode10After":1594252800000,"minVersion":"3.0.5","node8DeploysDisabledAfter":1613390400000,"node8RuntimeDisabledAfter":1615809600000,"node8WarnAfter":1600128000000}
[debug] [2026-05-14T05:34:45.197Z] <<< [apiv2][status] POST https://cloudresourcemanager.googleapis.com/v1/projects/pdf-merge-a77ae:testIamPermissions 200
[debug] [2026-05-14T05:34:45.197Z] <<< [apiv2][body] POST https://cloudresourcemanager.googleapis.com/v1/projects/pdf-merge-a77ae:testIamPermissions {"permissions":["cloudfunctions.functions.create","cloudfunctions.functions.delete","cloudfunctions.functions.get","cloudfunctions.functions.list","cloudfunctions.functions.update","cloudfunctions.operations.get","firebase.projects.get"]}
[debug] [2026-05-14T05:34:45.198Z] Checked if tokens are valid: true, expires at: 1778740482650
[debug] [2026-05-14T05:34:45.198Z] Checked if tokens are valid: true, expires at: 1778740482650
[debug] [2026-05-14T05:34:45.198Z] >>> [apiv2][query] POST https://iam.googleapis.com/v1/projects/pdf-merge-a77ae/serviceAccounts/pdf-merge-a77ae@appspot.gserviceaccount.com:testIamPermissions [none]
[debug] [2026-05-14T05:34:45.198Z] >>> [apiv2][body] POST https://iam.googleapis.com/v1/projects/pdf-merge-a77ae/serviceAccounts/pdf-merge-a77ae@appspot.gserviceaccount.com:testIamPermissions {"permissions":["iam.serviceAccounts.actAs"]}
[debug] [2026-05-14T05:34:47.047Z] <<< [apiv2][status] POST https://iam.googleapis.com/v1/projects/pdf-merge-a77ae/serviceAccounts/pdf-merge-a77ae@appspot.gserviceaccount.com:testIamPermissions 200
[debug] [2026-05-14T05:34:47.047Z] <<< [apiv2][body] POST https://iam.googleapis.com/v1/projects/pdf-merge-a77ae/serviceAccounts/pdf-merge-a77ae@appspot.gserviceaccount.com:testIamPermissions {"permissions":["iam.serviceAccounts.actAs"]}
[info] 
[info] === Deploying to 'pdf-merge-a77ae'...
[info] 
[info] i  deploying functions 
[debug] [2026-05-14T05:34:47.053Z] Checked if tokens are valid: true, expires at: 1778740482650
[debug] [2026-05-14T05:34:47.053Z] Checked if tokens are valid: true, expires at: 1778740482650
[debug] [2026-05-14T05:34:47.053Z] >>> [apiv2][query] GET https://cloudresourcemanager.googleapis.com/v1/projects/pdf-merge-a77ae [none]
[debug] [2026-05-14T05:34:47.406Z] <<< [apiv2][status] GET https://cloudresourcemanager.googleapis.com/v1/projects/pdf-merge-a77ae 200
[debug] [2026-05-14T05:34:47.406Z] <<< [apiv2][body] GET https://cloudresourcemanager.googleapis.com/v1/projects/pdf-merge-a77ae {"projectNumber":"915110963302","projectId":"pdf-merge-a77ae","lifecycleState":"ACTIVE","name":"pdf-merge","labels":{"firebase":"enabled","firebase-core":"disabled"},"createTime":"2026-02-24T09:10:07.060209Z"}
[info] i  functions: preparing codebase default for deployment 
[info] i  functions: ensuring required API cloudfunctions.googleapis.com is enabled... 
[info] i  functions: ensuring required API cloudbuild.googleapis.com is enabled... 
[info] i  artifactregistry: ensuring required API artifactregistry.googleapis.com is enabled... 
[debug] [2026-05-14T05:34:47.411Z] Checked if tokens are valid: true, expires at: 1778740482650
[debug] [2026-05-14T05:34:47.411Z] Checked if tokens are valid: true, expires at: 1778740482650
[debug] [2026-05-14T05:34:47.412Z] >>> [apiv2][query] GET https://firebase.googleapis.com/v1beta1/projects/pdf-merge-a77ae/adminSdkConfig [none]
[debug] [2026-05-14T05:34:48.201Z] <<< [apiv2][status] GET https://firebase.googleapis.com/v1beta1/projects/pdf-merge-a77ae/adminSdkConfig 200
[debug] [2026-05-14T05:34:48.201Z] <<< [apiv2][body] GET https://firebase.googleapis.com/v1beta1/projects/pdf-merge-a77ae/adminSdkConfig {"projectId":"pdf-merge-a77ae","storageBucket":"pdf-merge-a77ae.firebasestorage.app"}
[debug] [2026-05-14T05:34:48.202Z] Checked if tokens are valid: true, expires at: 1778740482650
[debug] [2026-05-14T05:34:48.202Z] Checked if tokens are valid: true, expires at: 1778740482650
[debug] [2026-05-14T05:34:48.202Z] >>> [apiv2][query] GET https://runtimeconfig.googleapis.com/v1beta1/projects/pdf-merge-a77ae/configs [none]
[debug] [2026-05-14T05:34:49.702Z] <<< [apiv2][status] GET https://runtimeconfig.googleapis.com/v1beta1/projects/pdf-merge-a77ae/configs 200
[debug] [2026-05-14T05:34:49.703Z] <<< [apiv2][body] GET https://runtimeconfig.googleapis.com/v1beta1/projects/pdf-merge-a77ae/configs {"configs":[{"name":"projects/pdf-merge-a77ae/configs/gmail"},{"name":"projects/pdf-merge-a77ae/configs/mongo"}]}
[debug] [2026-05-14T05:34:49.703Z] Checked if tokens are valid: true, expires at: 1778740482650
[debug] [2026-05-14T05:34:49.703Z] Checked if tokens are valid: true, expires at: 1778740482650
[debug] [2026-05-14T05:34:49.703Z] Checked if tokens are valid: true, expires at: 1778740482650
[debug] [2026-05-14T05:34:49.703Z] Checked if tokens are valid: true, expires at: 1778740482650
[debug] [2026-05-14T05:34:49.703Z] >>> [apiv2][query] GET https://runtimeconfig.googleapis.com/v1beta1/projects/pdf-merge-a77ae/configs/gmail/variables [none]
[debug] [2026-05-14T05:34:49.703Z] >>> [apiv2][query] GET https://runtimeconfig.googleapis.com/v1beta1/projects/pdf-merge-a77ae/configs/mongo/variables [none]
[debug] [2026-05-14T05:34:50.374Z] <<< [apiv2][status] GET https://runtimeconfig.googleapis.com/v1beta1/projects/pdf-merge-a77ae/configs/gmail/variables 200
[debug] [2026-05-14T05:34:50.374Z] <<< [apiv2][body] GET https://runtimeconfig.googleapis.com/v1beta1/projects/pdf-merge-a77ae/configs/gmail/variables {"variables":[{"name":"projects/pdf-merge-a77ae/configs/gmail/variables/email","updateTime":"2026-03-25T12:56:05.260912269Z"},{"name":"projects/pdf-merge-a77ae/configs/gmail/variables/pass","updateTime":"2026-03-25T12:56:04.468086624Z"}]}
[debug] [2026-05-14T05:34:50.375Z] Checked if tokens are valid: true, expires at: 1778740482650
[debug] [2026-05-14T05:34:50.375Z] Checked if tokens are valid: true, expires at: 1778740482650
[debug] [2026-05-14T05:34:50.375Z] Checked if tokens are valid: true, expires at: 1778740482650
[debug] [2026-05-14T05:34:50.375Z] Checked if tokens are valid: true, expires at: 1778740482650
[debug] [2026-05-14T05:34:50.375Z] >>> [apiv2][query] GET https://runtimeconfig.googleapis.com/v1beta1/projects/pdf-merge-a77ae/configs/gmail/variables/email [none]
[debug] [2026-05-14T05:34:50.375Z] >>> [apiv2][query] GET https://runtimeconfig.googleapis.com/v1beta1/projects/pdf-merge-a77ae/configs/gmail/variables/pass [none]
[debug] [2026-05-14T05:34:50.818Z] <<< [apiv2][status] GET https://runtimeconfig.googleapis.com/v1beta1/projects/pdf-merge-a77ae/configs/gmail/variables/pass 200
[debug] [2026-05-14T05:34:50.818Z] <<< [apiv2][body] GET https://runtimeconfig.googleapis.com/v1beta1/projects/pdf-merge-a77ae/configs/gmail/variables/pass {"name":"projects/pdf-merge-a77ae/configs/gmail/variables/pass","updateTime":"2026-03-25T12:56:04.468086624Z","text":"kpof cxoz lptk vnti"}
[debug] [2026-05-14T05:34:51.216Z] <<< [apiv2][status] GET https://runtimeconfig.googleapis.com/v1beta1/projects/pdf-merge-a77ae/configs/mongo/variables 200
[debug] [2026-05-14T05:34:51.216Z] <<< [apiv2][body] GET https://runtimeconfig.googleapis.com/v1beta1/projects/pdf-merge-a77ae/configs/mongo/variables {"variables":[{"name":"projects/pdf-merge-a77ae/configs/mongo/variables/uri","updateTime":"2026-03-12T09:30:55.946670384Z"}]}
[debug] [2026-05-14T05:34:51.216Z] Checked if tokens are valid: true, expires at: 1778740482650
[debug] [2026-05-14T05:34:51.216Z] Checked if tokens are valid: true, expires at: 1778740482650
[debug] [2026-05-14T05:34:51.217Z] >>> [apiv2][query] GET https://runtimeconfig.googleapis.com/v1beta1/projects/pdf-merge-a77ae/configs/mongo/variables/uri [none]
[debug] [2026-05-14T05:34:51.609Z] <<< [apiv2][status] GET https://runtimeconfig.googleapis.com/v1beta1/projects/pdf-merge-a77ae/configs/gmail/variables/email 200
[debug] [2026-05-14T05:34:51.609Z] <<< [apiv2][body] GET https://runtimeconfig.googleapis.com/v1beta1/projects/pdf-merge-a77ae/configs/gmail/variables/email {"name":"projects/pdf-merge-a77ae/configs/gmail/variables/email","updateTime":"2026-03-25T12:56:05.260912269Z","text":"www.aryanpatel3772@gmail.com"}
[debug] [2026-05-14T05:34:51.817Z] <<< [apiv2][status] GET https://runtimeconfig.googleapis.com/v1beta1/projects/pdf-merge-a77ae/configs/mongo/variables/uri 200
[debug] [2026-05-14T05:34:51.817Z] <<< [apiv2][body] GET https://runtimeconfig.googleapis.com/v1beta1/projects/pdf-merge-a77ae/configs/mongo/variables/uri {"name":"projects/pdf-merge-a77ae/configs/mongo/variables/uri","updateTime":"2026-03-12T09:30:55.946670384Z","text":"mongodb+srv://wwwaryanpatel3772_db_user:aryan123@cluster0.xnx7kp8.mongodb.net/loginDB?retryWrites=true&w=majority"}
[debug] [2026-05-14T05:34:51.820Z] Validating nodejs source
[warn] !  functions: Runtime Node.js 20 was deprecated on 2026-04-30 and will be decommissioned on 2026-10-30, after which you will not be able to deploy without upgrading. Consider upgrading now to avoid disruption. See https://cloud.google.com/functions/docs/runtime-support for full details on the lifecycle policy 
[warn] !  functions: package.json indicates an outdated version of firebase-functions. Please upgrade using npm install --save firebase-functions@latest in your functions directory. 
[warn] !  functions: Please note that there will be breaking changes when you upgrade. 
[debug] [2026-05-14T05:34:54.406Z] > [functions] package.json contents: {
  "name": "functions",
  "description": "Cloud Functions for Firebase",
  "scripts": {
    "serve": "firebase emulators:start --only functions",
    "deploy": "firebase deploy --only functions",
    "logs": "firebase functions:log"
  },
  "engines": {
    "node": "20"
  },
  "main": "index.js",
  "dependencies": {
    "bcryptjs": "^2.4.3",
    "cookie-parser": "^1.4.7",
    "cors": "^2.8.5",
    "express": "^4.18.2",
    "firebase-admin": "^12.0.0",
    "firebase-functions": "^5.1.0",
    "jsonwebtoken": "^9.0.2",
    "mongoose": "^7.6.0",
    "nodemailer": "^6.9.13",
    "swagger-jsdoc": "^6.2.8",
    "swagger-ui-express": "^5.0.1"
  },
  "devDependencies": {
    "firebase-functions-test": "^3.4.1"
  },
  "private": true
}
[debug] [2026-05-14T05:34:54.406Z] Building nodejs source
[info] i  functions: Loading and analyzing source code for codebase default to determine what to deploy 
[debug] [2026-05-14T05:34:54.413Z] Could not find functions.yaml. Must use http discovery
[debug] [2026-05-14T05:34:54.471Z] Found firebase-functions binary at 'C:\React\login\functions\node_modules\.bin\firebase-functions'
[info] Serving at port 8985

[error] (node:18936) [DEP0040] DeprecationWarning: The `punycode` module is deprecated. Please use a userland alternative instead.
(Use `node --trace-deprecation ...` to show where the warning was created)
(node:18936) [DEP0169] DeprecationWarning: `url.parse()` behavior is not standardized and prone to errors that have security implications. Use the WHATWG URL API instead. CVEs are not issued for `url.parse()` vulnerabilities.

[debug] [2026-05-14T05:34:56.877Z] Got response from /__/functions.yaml {"endpoints":{"api":{"platform":"gcfv1","availableMemoryMb":null,"timeoutSeconds":null,"minInstances":null,"maxInstances":null,"ingressSettings":null,"serviceAccountEmail":null,"vpc":null,"httpsTrigger":{},"entryPoint":"api"}},"specVersion":"v1alpha1","requiredAPIs":[],"extensions":{}}
[info] MongoDB Connected

[info] i  extensions: ensuring required API firebaseextensions.googleapis.com is enabled... 
[debug] [2026-05-14T05:35:06.921Z] > command requires scopes: ["email","openid","https://www.googleapis.com/auth/cloudplatformprojects.readonly","https://www.googleapis.com/auth/firebase","https://www.googleapis.com/auth/cloud-platform"]
[debug] [2026-05-14T05:35:06.921Z] > authorizing via signed-in user (www.aryanpatel3772@gmail.com)
[debug] [2026-05-14T05:35:06.921Z] [iam] checking project pdf-merge-a77ae for permissions ["firebase.projects.get","firebaseextensions.instances.list"]
[debug] [2026-05-14T05:35:06.922Z] Checked if tokens are valid: true, expires at: 1778740482650
[debug] [2026-05-14T05:35:06.922Z] Checked if tokens are valid: true, expires at: 1778740482650
[debug] [2026-05-14T05:35:06.922Z] >>> [apiv2][query] POST https://cloudresourcemanager.googleapis.com/v1/projects/pdf-merge-a77ae:testIamPermissions [none]
[debug] [2026-05-14T05:35:06.922Z] >>> [apiv2][(partial)header] POST https://cloudresourcemanager.googleapis.com/v1/projects/pdf-merge-a77ae:testIamPermissions  x-goog-user-project=pdf-merge-a77ae
[debug] [2026-05-14T05:35:06.922Z] >>> [apiv2][body] POST https://cloudresourcemanager.googleapis.com/v1/projects/pdf-merge-a77ae:testIamPermissions {"permissions":["firebase.projects.get","firebaseextensions.instances.list"]}
[debug] [2026-05-14T05:35:08.447Z] <<< [apiv2][status] POST https://cloudresourcemanager.googleapis.com/v1/projects/pdf-merge-a77ae:testIamPermissions 200
[debug] [2026-05-14T05:35:08.447Z] <<< [apiv2][body] POST https://cloudresourcemanager.googleapis.com/v1/projects/pdf-merge-a77ae:testIamPermissions {"permissions":["firebase.projects.get","firebaseextensions.instances.list"]}
[debug] [2026-05-14T05:35:08.448Z] Checked if tokens are valid: true, expires at: 1778740482650
[debug] [2026-05-14T05:35:08.448Z] Checked if tokens are valid: true, expires at: 1778740482650
[debug] [2026-05-14T05:35:08.448Z] >>> [apiv2][query] GET https://firebaseextensions.googleapis.com/v1beta/projects/pdf-merge-a77ae/instances pageSize=100&pageToken=
[debug] [2026-05-14T05:35:10.169Z] <<< [apiv2][status] GET https://firebaseextensions.googleapis.com/v1beta/projects/pdf-merge-a77ae/instances 200
[debug] [2026-05-14T05:35:10.170Z] <<< [apiv2][body] GET https://firebaseextensions.googleapis.com/v1beta/projects/pdf-merge-a77ae/instances {}
[info] i  functions: preparing functions directory for uploading... 
[info] i  functions: packaged C:\React\login\functions (85 KB) for uploading 
[debug] [2026-05-14T05:35:10.385Z] Checked if tokens are valid: true, expires at: 1778740482650
[debug] [2026-05-14T05:35:10.386Z] Checked if tokens are valid: true, expires at: 1778740482650
[debug] [2026-05-14T05:35:10.386Z] >>> [apiv2][query] GET https://cloudfunctions.googleapis.com/v1/projects/pdf-merge-a77ae/locations/-/functions [none]
[debug] [2026-05-14T05:35:11.251Z] <<< [apiv2][status] GET https://cloudfunctions.googleapis.com/v1/projects/pdf-merge-a77ae/locations/-/functions 200
[debug] [2026-05-14T05:35:11.252Z] <<< [apiv2][body] GET https://cloudfunctions.googleapis.com/v1/projects/pdf-merge-a77ae/locations/-/functions {"functions":[{"name":"projects/pdf-merge-a77ae/locations/us-central1/functions/api","httpsTrigger":{"url":"https://us-central1-pdf-merge-a77ae.cloudfunctions.net/api","securityLevel":"SECURE_ALWAYS"},"status":"ACTIVE","entryPoint":"api","timeout":"60s","availableMemoryMb":256,"serviceAccountEmail":"pdf-merge-a77ae@appspot.gserviceaccount.com","updateTime":"2026-04-18T07:01:27.816920367Z","versionId":"48","labels":{"deployment-tool":"cli-firebase","firebase-functions-hash":"7cc801edfb2176ab1810073882c0119c6376b395"},"sourceUploadUrl":"https://storage.googleapis.com/uploads-813953369490.us-central1.cloudfunctions.appspot.com/996fe3c1-2545-461f-bdf9-5f4345ba6186.zip","environmentVariables":{"FIREBASE_CONFIG":"{\"projectId\":\"pdf-merge-a77ae\",\"storageBucket\":\"pdf-merge-a77ae.firebasestorage.app\"}","GCLOUD_PROJECT":"pdf-merge-a77ae","EVENTARC_CLOUD_EVENT_SOURCE":"projects/pdf-merge-a77ae/locations/us-central1/functions/api"},"runtime":"nodejs20","ingressSettings":"ALLOW_ALL","buildId":"27b1bcc7-fdd0-49d3-babd-8fe6c522279b","buildEnvironmentVariables":{"GOOGLE_NODE_RUN_SCRIPTS":""},"buildName":"projects/915110963302/locations/us-central1/builds/27b1bcc7-fdd0-49d3-babd-8fe6c522279b","dockerRegistry":"ARTIFACT_REGISTRY","automaticUpdatePolicy":{},"buildServiceAccount":"projects/pdf-merge-a77ae/serviceAccounts/915110963302-compute@developer.gserviceaccount.com"}]}
[debug] [2026-05-14T05:35:11.256Z] Checked if tokens are valid: true, expires at: 1778740482650
[debug] [2026-05-14T05:35:11.257Z] Checked if tokens are valid: true, expires at: 1778740482650
[debug] [2026-05-14T05:35:11.258Z] >>> [apiv2][query] GET https://cloudfunctions.googleapis.com/v2/projects/pdf-merge-a77ae/locations/-/functions filter=environment%3D%22GEN_2%22
[debug] [2026-05-14T05:35:12.953Z] <<< [apiv2][status] GET https://cloudfunctions.googleapis.com/v2/projects/pdf-merge-a77ae/locations/-/functions 200
[debug] [2026-05-14T05:35:12.954Z] <<< [apiv2][body] GET https://cloudfunctions.googleapis.com/v2/projects/pdf-merge-a77ae/locations/-/functions {}
[debug] [2026-05-14T05:35:12.959Z] Checked if tokens are valid: true, expires at: 1778740482650
[debug] [2026-05-14T05:35:12.960Z] Checked if tokens are valid: true, expires at: 1778740482650
[debug] [2026-05-14T05:35:12.960Z] >>> [apiv2][query] GET https://cloudresourcemanager.googleapis.com/v1/projects/pdf-merge-a77ae [none]
[debug] [2026-05-14T05:35:13.309Z] <<< [apiv2][status] GET https://cloudresourcemanager.googleapis.com/v1/projects/pdf-merge-a77ae 200
[debug] [2026-05-14T05:35:13.309Z] <<< [apiv2][body] GET https://cloudresourcemanager.googleapis.com/v1/projects/pdf-merge-a77ae {"projectNumber":"915110963302","projectId":"pdf-merge-a77ae","lifecycleState":"ACTIVE","name":"pdf-merge","labels":{"firebase":"enabled","firebase-core":"disabled"},"createTime":"2026-02-24T09:10:07.060209Z"}
[debug] [2026-05-14T05:35:13.311Z] Checked if tokens are valid: true, expires at: 1778740482650
[debug] [2026-05-14T05:35:13.311Z] Checked if tokens are valid: true, expires at: 1778740482650
[debug] [2026-05-14T05:35:13.311Z] >>> [apiv2][query] GET https://cloudbilling.googleapis.com/v1/projects/pdf-merge-a77ae/billingInfo [none]
[debug] [2026-05-14T05:35:14.863Z] <<< [apiv2][status] GET https://cloudbilling.googleapis.com/v1/projects/pdf-merge-a77ae/billingInfo 200
[debug] [2026-05-14T05:35:14.863Z] <<< [apiv2][body] GET https://cloudbilling.googleapis.com/v1/projects/pdf-merge-a77ae/billingInfo {"name":"projects/pdf-merge-a77ae/billingInfo","projectId":"pdf-merge-a77ae","billingAccountName":"billingAccounts/01B0DE-53C91C-A9491C","billingEnabled":false}
[debug] [2026-05-14T05:35:14.864Z] Checked if tokens are valid: true, expires at: 1778740482650
[debug] [2026-05-14T05:35:14.864Z] Checked if tokens are valid: true, expires at: 1778740482650
[debug] [2026-05-14T05:35:14.864Z] >>> [apiv2][query] GET https://cloudbilling.googleapis.com/v1/billingAccounts [none]
[debug] [2026-05-14T05:35:16.217Z] <<< [apiv2][status] GET https://cloudbilling.googleapis.com/v1/billingAccounts 200
[debug] [2026-05-14T05:35:16.218Z] <<< [apiv2][body] GET https://cloudbilling.googleapis.com/v1/billingAccounts {"billingAccounts":[],"nextPageToken":""}
[info] 
[info] Extension require your project to be upgraded to the Blaze plan. Please visit the following link to add a billing account:
[info] 
[info] https://console.cloud.google.com/billing/linkedaccount?project=pdf-merge-a77ae
[info] 
